This is pdfTeX, Version 3.1415926-1.40.11 (TeX Live 2010) (format=pdflatex 2011.3.11)  27 MAR 2011 10:54
entering extended mode
 restricted \write18 enabled.
 %&-line parsing enabled.
**edmac.drv
(./edmac.drv
LaTeX2e <2009/09/24>
Babel <v3.8l> and hyphenation patterns for english, dumylang, nohyphenation, ge
rman-x-2009-06-19, ngerman-x-2009-06-19, afrikaans, ancientgreek, ibycus, arabi
c, armenian, basque, bulgarian, catalan, pinyin, coptic, croatian, czech, danis
h, dutch, ukenglish, usenglishmax, esperanto, estonian, ethiopic, farsi, finnis
h, french, galician, german, ngerman, swissgerman, monogreek, greek, hungarian,
 icelandic, assamese, bengali, gujarati, hindi, kannada, malayalam, marathi, or
iya, panjabi, tamil, telugu, indonesian, interlingua, irish, italian, kurmanji,
 lao, latin, latvian, lithuanian, mongolian, mongolianlmc, bokmal, nynorsk, pol
ish, portuguese, romanian, russian, sanskrit, serbian, slovak, slovenian, spani
sh, swedish, turkish, turkmen, ukrainian, uppersorbian, welsh, loaded.
(/usr/local/texlive/2010/texmf-dist/tex/latex/base/article.cls
Document Class: article 2007/10/19 v1.4h Standard LaTeX document class
(/usr/local/texlive/2010/texmf-dist/tex/latex/base/size10.clo
File: size10.clo 2007/10/19 v1.4h Standard LaTeX file (size option)
)
\c@part=\count79
\c@section=\count80
\c@subsection=\count81
\c@subsubsection=\count82
\c@paragraph=\count83
\c@subparagraph=\count84
\c@figure=\count85
\c@table=\count86
\abovecaptionskip=\skip41
\belowcaptionskip=\skip42
\bibindent=\dimen102
)
(/usr/local/texlive/2010/texmf-dist/tex/latex/base/doc.sty
Package: doc 2006/02/02 v2.1d Standard LaTeX documentation package (FMi)
\c@StandardModuleDepth=\count87
\guard@level=\count88
\MacrocodeTopsep=\skip43
\MacroIndent=\dimen103
\macro@cnt=\count89
\MacroTopsep=\skip44
\index@excludelist=\toks14

(/usr/local/texlive/2010/texmf-dist/tex/latex/tools/multicol.sty
Package: multicol 2008/12/05 v1.6h multicolumn formatting (FMi)
\c@tracingmulticols=\count90
\mult@box=\box26
\multicol@leftmargin=\dimen104
\c@unbalance=\count91
\c@collectmore=\count92
\doublecol@number=\count93
\multicoltolerance=\count94
\multicolpretolerance=\count95
\full@width=\dimen105
\page@free=\dimen106
\premulticols=\dimen107
\postmulticols=\dimen108
\multicolsep=\skip45
\multicolbaselineskip=\skip46
\partial@page=\box27
\last@line=\box28
\mult@rightbox=\box29
\mult@grightbox=\box30
\mult@gfirstbox=\box31
\mult@firstbox=\box32
\@tempa=\box33
\@tempa=\box34
\@tempa=\box35
\@tempa=\box36
\@tempa=\box37
\@tempa=\box38
\@tempa=\box39
\@tempa=\box40
\@tempa=\box41
\@tempa=\box42
\@tempa=\box43
\@tempa=\box44
\@tempa=\box45
\@tempa=\box46
\@tempa=\box47
\@tempa=\box48
\@tempa=\box49
\c@columnbadness=\count96
\c@finalcolumnbadness=\count97
\last@try=\dimen109
\multicolovershoot=\dimen110
\multicolundershoot=\dimen111
\mult@nat@firstbox=\box50
\colbreak@box=\box51
)
\IndexMin=\dimen112
\c@IndexColumns=\count98
\GlossaryMin=\dimen113
\c@GlossaryColumns=\count99
\check@sum=\count100
\bslash@cnt=\count101
\wrong@table=\toks15
\c@CodelineNo=\count102
)
\egwidth=\skip47
Package doc Info: Made " a short reference for \verb on input line 26.
\@indexfile=\write3
\openout3 = `edmac.idx'.


Writing index file edmac.idx
(./edmac.aux)
\openout1 = `edmac.aux'.

LaTeX Font Info:    Checking defaults for OML/cmm/m/it on input line 37.
LaTeX Font Info:    ... okay on input line 37.
LaTeX Font Info:    Checking defaults for T1/cmr/m/n on input line 37.
LaTeX Font Info:    ... okay on input line 37.
LaTeX Font Info:    Checking defaults for OT1/cmr/m/n on input line 37.
LaTeX Font Info:    ... okay on input line 37.
LaTeX Font Info:    Checking defaults for OMS/cmsy/m/n on input line 37.
LaTeX Font Info:    ... okay on input line 37.
LaTeX Font Info:    Checking defaults for OMX/cmex/m/n on input line 37.
LaTeX Font Info:    ... okay on input line 37.
LaTeX Font Info:    Checking defaults for U/cmr/m/n on input line 37.
LaTeX Font Info:    ... okay on input line 37.
 (./edmac.doc
***************************
* Character table correct *
***************************
LaTeX Font Info:    External font `cmex10' loaded for size
(Font)              <17.28> on input line 403.
LaTeX Font Info:    External font `cmex10' loaded for size
(Font)              <12> on input line 403.
LaTeX Font Info:    External font `cmex10' loaded for size
(Font)              <8> on input line 403.
LaTeX Font Info:    External font `cmex10' loaded for size
(Font)              <6> on input line 403.
LaTeX Font Info:    External font `cmex10' loaded for size
(Font)              <5> on input line 403.
(./edmac.toc
LaTeX Font Info:    External font `cmex10' loaded for size
(Font)              <7> on input line 2.
 [1

{/usr/local/texlive/2010/texmf-var/fonts/map/pdftex/updmap/pdftex.map}])
\tf@toc=\write4
\openout4 = `edmac.toc'.

 [2]
LaTeX Font Info:    Try loading font information for OMS+cmr on input line 435.

 (/usr/local/texlive/2010/texmf-dist/tex/latex/base/omscmr.fd
File: omscmr.fd 1999/05/25 v2.5h Standard LaTeX font definitions
)
LaTeX Font Info:    Font shape `OMS/cmr/m/n' in size <10> not available
(Font)              Font shape `OMS/cmsy/m/n' tried instead on input line 435.

Underfull \hbox (badness 10000) in paragraph at lines 475--475
[][][]\OT1/cmtt/m/n/8 COLLATE \OT1/cmr/m/n/8 was cre-ated by Pe-ter Robin-son[]
 at The Com-put-ers and Vari-
 []


Underfull \hbox (badness 10000) in paragraph at lines 475--475
\OT1/cmr/m/n/8 ant Texts Project, Ox-ford Uni-ver-sity Com-put-ing Ser-vice, 13
 Ban-bury Road,
 []


Underfull \hbox (badness 7981) in paragraph at lines 475--475
\OT1/cmr/m/n/8 Ox-ford OX2 6NN, Eng-land. Email: []\OT1/cmtt/m/n/8 peterr@vax.o
xford.ac.uk\OT1/cmr/m/n/8 . See []\OT1/cmtt/m/n/8 <URL
 []

[3]
Underfull \hbox (badness 3386) in paragraph at lines 602--602
[][]\OT1/cmr/m/n/8 Geert H. M. Claassens,[] \OT1/cmr/m/it/8 De Mid-delned-er-la
ndse Kruis-vaartro-mans\OT1/cmr/m/n/8 , (Am-s-ter-dam:
 []

[4] [5] [6]

LaTeX Warning: Marginpar on page 7 moved.

[7]

LaTeX Warning: Marginpar on page 8 moved.


Overfull \hbox (11.02382pt too wide) in paragraph at lines 838--838
[] \OT1/cmtt/m/n/9 This is a sample paragraph, with[] 
 []


Overfull \hbox (6.29887pt too wide) in paragraph at lines 838--838
[] \OT1/cmtt/m/n/9 The lines of this paragraph are[] 
 []


Overfull \hbox (6.29887pt too wide) in paragraph at lines 877--877
[]   \OT1/cmtt/m/n/9 A paragraph of numbered text.[] 
 []


Overfull \hbox (6.29887pt too wide) in paragraph at lines 877--877
[]   \OT1/cmtt/m/n/9 Another paragraph of numbered[] 
 []

[8]

LaTeX Warning: Marginpar on page 9 moved.

[9]
Overfull \hbox (1.57393pt too wide) in paragraph at lines 1002--1002
[]   \OT1/cmtt/m/n/9 \text{Smith}\Afootnote{Jones[] 
 []


LaTeX Warning: Marginpar on page 10 moved.


LaTeX Warning: Marginpar on page 10 moved.


LaTeX Warning: Marginpar on page 10 moved.


LaTeX Warning: Marginpar on page 10 moved.


LaTeX Warning: Marginpar on page 10 moved.


LaTeX Warning: Marginpar on page 10 moved.


LaTeX Warning: Marginpar on page 10 moved.


LaTeX Warning: Marginpar on page 10 moved.

[10]
Overfull \hbox (1.57393pt too wide) in paragraph at lines 1070--1070
[]   \OT1/cmtt/m/n/9 \text{Smith}\Afootnote{Jones[] 
 []

[11]
Overfull \hbox (11.80516pt too wide) in paragraph at lines 1174--1182
[]\OT1/cmtt/m/n/10 outer \OT1/cmr/m/n/10 mar-gin, de-pend-ing on which you spec
-ify as ar-gu-ment to the []\OT1/cmtt/m/n/10 \linenummargin
 []


LaTeX Warning: Marginpar on page 12 moved.


LaTeX Warning: Marginpar on page 12 moved.


LaTeX Warning: Marginpar on page 12 moved.


LaTeX Warning: Marginpar on page 12 moved.


LaTeX Warning: Marginpar on page 12 moved.

[12]

LaTeX Warning: Marginpar on page 13 moved.


LaTeX Warning: Marginpar on page 13 moved.


LaTeX Warning: Marginpar on page 13 moved.

[13]

LaTeX Warning: Marginpar on page 14 moved.


LaTeX Warning: Marginpar on page 14 moved.

[14]

LaTeX Warning: Marginpar on page 15 moved.


LaTeX Warning: Marginpar on page 15 moved.

[15] [16] [17]

LaTeX Warning: Marginpar on page 18 moved.

[18]

LaTeX Warning: Marginpar on page 19 moved.


LaTeX Warning: Marginpar on page 19 moved.


LaTeX Warning: Marginpar on page 19 moved.


LaTeX Warning: Marginpar on page 19 moved.

[19]

LaTeX Warning: Marginpar on page 20 moved.


LaTeX Warning: Marginpar on page 20 moved.

[20] [21]
Overfull \hbox (5.86276pt too wide) in paragraph at lines 1948--1948
 [] \OT1/cmtt/m/n/9 ***********************************************************
*********^^J 
 []


Overfull \hbox (1.13782pt too wide) in paragraph at lines 1948--1948
 [] \OT1/cmtt/m/n/9 This is free software, and you are welcome to redistribute 
it under^^J 
 []


Overfull \hbox (34.21243pt too wide) in paragraph at lines 1948--1948
 [] \OT1/cmtt/m/n/9 ***********************************************************
*********^^J^^J }} 
 []

[22] [23]
Overfull \hbox (1.13782pt too wide) in paragraph at lines 2101--2101
 []      \OT1/cmtt/m/n/9 \immediate\write\sixt@@n{ The number of footnotes in t
his section 
 []


Overfull \hbox (1.13782pt too wide) in paragraph at lines 2101--2101
 []      \OT1/cmtt/m/n/9 \immediate\write\sixt@@n{ You will need to run TeX two
 more times 
 []

[24] [25]
Overfull \hbox (1.13782pt too wide) in paragraph at lines 2227--2227
 []             \OT1/cmtt/m/n/9 \edmac@warning{Bad \string\linenummargin\space 
argument.}% 
 []

[26] [27] [28] [29] [30] [31] [32]
Overfull \hbox (27.69415pt too wide) in paragraph at lines 2773--2780
[]\OT1/cmr/m/n/10 Our line, page, and line-locking coun-ters were al-ready ze-r
oed by []\OT1/cmtt/m/n/10 \line@list@stuff
 []

[33] [34] [35] [36] [37] [38] [39] [40] [41] [42] [43] [44] [45] [46] [47]
[48]
Overfull \hbox (6.58318pt too wide) in paragraph at lines 4041--4043
[]\OT1/cmr/m/n/10 Now we pull the foot-notes and in-ser-tions for this line out
 of the []\OT1/cmtt/m/n/10 \inserts@list
 []

[49] [50] [51] [52] [53] [54] [55] [56] [57] [58]
Overfull \hbox (14.33322pt too wide) in paragraph at lines 4807--4809
[]\OT1/cmr/m/n/10 The line num-bers will be printed us-ing the font se-lected b
y ex-e-cut-ing []\OT1/cmtt/m/n/10 \notenumfont\OT1/cmr/m/n/10 . 
 []

[59] [60] [61] [62] [63]
Overfull \hbox (1.66573pt too wide) in paragraph at lines 5150--5153
[][]\OT1/cmtt/m/n/10 \normalfootnoterule \OT1/cmr/m/n/10 is a stan-dard footnot
e-rule macro, for use by a []\OT1/cmtt/m/n/10 footstart
 []

[64] [65] [66] [67] [68] [69] [70]
Overfull \hbox (5.21202pt too wide) in paragraph at lines 5693--5699
[][]\OT1/cmtt/m/n/10 \threecolfootfmt \OT1/cmr/m/n/10 is the com-mand that for-
mats one note. It uses []\OT1/cmtt/m/n/10 \raggedright\OT1/cmr/m/n/10 ,
 []

[71] [72]
Overfull \hbox (39.72182pt too wide) in paragraph at lines 5867--5869
[]\OT1/cmr/m/n/10 The fol-low-ing are macros that will be used in the course of
 mak-ing []\OT1/cmtt/m/n/10 \registration@marks\OT1/cmr/m/n/10 . 
 []

[73] [74] [75] [76] [77] [78] [79] [80] [81]
! Undefined control sequence.
l.6560 % \includegraphics
                         {features}
? s
OK, entering \scrollmode...
[82] [83] [84]
! Undefined control sequence.
l.6724 % \includegraphics
                         {iocasta}
The control sequence at the end of the top line
of your error message was never \def'ed. If you have
misspelled it (e.g., `\hobx'), type `I' and the correct
spelling (e.g., `I\hbox'). Otherwise just continue,
and I'll forget about whatever was undefined.

[85] [86] [87] [88] [89] [90] [91]
! Undefined control sequence.
l.7029 % \includegraphics
                         {arden}
The control sequence at the end of the top line
of your error message was never \def'ed. If you have
misspelled it (e.g., `\hobx'), type `I' and the correct
spelling (e.g., `I\hbox'). Otherwise just continue,
and I'll forget about whatever was undefined.

[92] [93] [94]
! Undefined control sequence.
l.7156 % \includegraphics
                         {periph4}
The control sequence at the end of the top line
of your error message was never \def'ed. If you have
misspelled it (e.g., `\hobx'), type `I' and the correct
spelling (e.g., `I\hbox'). Otherwise just continue,
and I'll forget about whatever was undefined.


Overfull \hbox (28.27066pt too wide) in paragraph at lines 7342--7342
[] \OT1/cmtt/m/n/9 \def\raggedleft{\leftskip\z@% This is a hack; doubtless ther
e are better ways.[] 
 []


Overfull \hbox (14.09583pt too wide) in paragraph at lines 7342--7342
[] \OT1/cmtt/m/n/9 \hbox to\hsize{\affixline@num\add@inserts\hbox to\z@% insert
s added here so[] 
 []

[95] [96]
Overfull \hbox (9.37088pt too wide) in paragraph at lines 7342--7342
[]   \OT1/cmtt/m/n/9 {\hss\box\lp@rbox\kern\linenumsep}%                 that m
argin pars are[] 
 []

[97] [98] [99] [100]
! Undefined control sequence.
l.7450 % \includegraphics
                         {arabic}
The control sequence at the end of the top line
of your error message was never \def'ed. If you have
misspelled it (e.g., `\hobx'), type `I' and the correct
spelling (e.g., `I\hbox'). Otherwise just continue,
and I'll forget about whatever was undefined.

! Undefined control sequence.
l.7478 % \includegraphics
                         {sanskrit}
The control sequence at the end of the top line
of your error message was never \def'ed. If you have
misspelled it (e.g., `\hobx'), type `I' and the correct
spelling (e.g., `I\hbox'). Otherwise just continue,
and I'll forget about whatever was undefined.

[101] [102] [103]
Overfull \hbox (4.64594pt too wide) in paragraph at lines 7647--7647
[] \OT1/cmtt/m/n/9 % printed, we define a counter that keeps track of the previ
ously printed[] 
 []

[104]
Overfull \hbox (4.64594pt too wide) in paragraph at lines 7647--7647
[] \OT1/cmtt/m/n/9 % The beginning of the \printlines macro is just the same as
 the original[] 
 []


Overfull \hbox (4.64594pt too wide) in paragraph at lines 7647--7647
[] \OT1/cmtt/m/n/9 % Here come our modifications.  We're ready to print the var
ious numbers,[] 
 []


Overfull \hbox (9.37088pt too wide) in paragraph at lines 7647--7647
[] \OT1/cmtt/m/n/9 % based on our counter values, but the first thing we do is 
to compare the[] 
 []


Overfull \hbox (9.37088pt too wide) in paragraph at lines 7647--7647
[] \OT1/cmtt/m/n/9 % been printed.  If they are the same, we print the \notenum
sep siglum; if[] 
 []


Overfull \hbox (9.37088pt too wide) in paragraph at lines 7647--7647
[] \OT1/cmtt/m/n/9 % not, we go ahead and print the actual line number.  (Note 
that this does[] 
 []

[105] (./edmac.ind
LaTeX Font Info:    External font `cmex10' loaded for size
(Font)              <9> on input line 6.

Underfull \hbox (badness 10000) in paragraph at lines 62--63
[]\OT1/cmr/m/n/9 Beeton, Bar-bara 
 []


Underfull \hbox (badness 10000) in paragraph at lines 62--63
\OT1/cmr/m/n/9 Ann Neuhaus 
 []

[106]
Overfull \hbox (22.1209pt too wide) in paragraph at lines 142--143
[][]\OT1/cmtt/m/n/9 \first@linenum@out@false   
 []


Overfull \hbox (17.39595pt too wide) in paragraph at lines 143--144
[][]\OT1/cmtt/m/n/9 \first@linenum@out@true   
 []


Overfull \hbox (7.94606pt too wide) in paragraph at lines 181--182
[][]\OT1/cmtt/m/n/9 \iffirst@linenum@out@   
 []

[107]
Overfull \hbox (3.22112pt too wide) in paragraph at lines 335--336
[][]\OT1/cmtt/m/n/9 \sublinenumincrement   
 []


Underfull \hbox (badness 10000) in paragraph at lines 352--353
[]\OT1/cmr/m/n/9 Timkovics, Paulus 
 []

)

! Package doc Error: Checksum not passed (3107<>3106).

See the doc package documentation for explanation.
Type  H <return>  for immediate help.
 ...                                              
                                                  
l.7652 % \Finale
                
The file currently documented seems to be wrong.
Try to get a correct version.

) [108] (./edmac.aux) ) 
Here is how much of TeX's memory you used:
 724 strings out of 493763
 8566 string characters out of 3144975
 100690 words of memory out of 3000000
 4059 multiletter control sequences out of 15000+200000
 13396 words of font info for 48 fonts, out of 3000000 for 9000
 717 hyphenation exceptions out of 8191
 27i,13n,20p,227b,540s stack positions out of 5000i,500n,10000p,200000b,50000s
</usr/local/texlive/2010/texmf-dist/fonts/type1/public/a
msfonts/cm/cmbx10.pfb></usr/local/texlive/2010/texmf-dist/fonts/type1/public/am
sfonts/cm/cmbx12.pfb></usr/local/texlive/2010/texmf-dist/fonts/type1/public/ams
fonts/cm/cmbx8.pfb></usr/local/texlive/2010/texmf-dist/fonts/type1/public/amsfo
nts/cm/cmbx9.pfb></usr/local/texlive/2010/texmf-dist/fonts/type1/public/amsfont
s/cm/cmcsc10.pfb></usr/local/texlive/2010/texmf-dist/fonts/type1/public/amsfont
s/cm/cmmi10.pfb></usr/local/texlive/2010/texmf-dist/fonts/type1/public/amsfonts
/cm/cmmi6.pfb></usr/local/texlive/2010/texmf-dist/fonts/type1/public/amsfonts/c
m/cmmi8.pfb></usr/local/texlive/2010/texmf-dist/fonts/type1/public/amsfonts/cm/
cmr10.pfb></usr/local/texlive/2010/texmf-dist/fonts/type1/public/amsfonts/cm/cm
r12.pfb></usr/local/texlive/2010/texmf-dist/fonts/type1/public/amsfonts/cm/cmr1
7.pfb></usr/local/texlive/2010/texmf-dist/fonts/type1/public/amsfonts/cm/cmr5.p
fb></usr/local/texlive/2010/texmf-dist/fonts/type1/public/amsfonts/cm/cmr6.pfb>
</usr/local/texlive/2010/texmf-dist/fonts/type1/public/amsfonts/cm/cmr7.pfb></u
sr/local/texlive/2010/texmf-dist/fonts/type1/public/amsfonts/cm/cmr8.pfb></usr/
local/texlive/2010/texmf-dist/fonts/type1/public/amsfonts/cm/cmr9.pfb></usr/loc
al/texlive/2010/texmf-dist/fonts/type1/public/amsfonts/cm/cmsl10.pfb></usr/loca
l/texlive/2010/texmf-dist/fonts/type1/public/amsfonts/cm/cmsy10.pfb></usr/local
/texlive/2010/texmf-dist/fonts/type1/public/amsfonts/cm/cmsy6.pfb></usr/local/t
exlive/2010/texmf-dist/fonts/type1/public/amsfonts/cm/cmsy8.pfb></usr/local/tex
live/2010/texmf-dist/fonts/type1/public/amsfonts/cm/cmti10.pfb></usr/local/texl
ive/2010/texmf-dist/fonts/type1/public/amsfonts/cm/cmti7.pfb></usr/local/texliv
e/2010/texmf-dist/fonts/type1/public/amsfonts/cm/cmti8.pfb></usr/local/texlive/
2010/texmf-dist/fonts/type1/public/amsfonts/cm/cmti9.pfb></usr/local/texlive/20
10/texmf-dist/fonts/type1/public/amsfonts/cm/cmtt10.pfb></usr/local/texlive/201
0/texmf-dist/fonts/type1/public/amsfonts/cm/cmtt12.pfb></usr/local/texlive/2010
/texmf-dist/fonts/type1/public/amsfonts/cm/cmtt8.pfb></usr/local/texlive/2010/t
exmf-dist/fonts/type1/public/amsfonts/cm/cmtt9.pfb></usr/local/texlive/2010/tex
mf-dist/fonts/type1/public/amsfonts/latxfont/line10.pfb>
Output written on edmac.pdf (108 pages, 615748 bytes).
PDF statistics:
 469 PDF objects out of 1000 (max. 8388607)
 326 compressed objects within 4 object streams
 0 named destinations out of 1000 (max. 500000)
 1 words of extra memory for PDF output out of 10000 (max. 10000000)

